*** EVALUATION ***
ANSI-C/cC++ Compiler for HC12 V-5.0.41 Build 10203, Jul 23 2010

    1:  #include "buttons_and_timers.h"
    2:  #include "mc9s12xdp512.h"
    3:  
    4:  static void button_press(unsigned char b);
    5:  static void button_release(unsigned char b);
    6:  static void button_repeat(unsigned char b);
    7:  static void button_do_nothing(unsigned char b);
    8:  
    9:  static int button_repeat_period = 0; //Initialized in 0
   10:  
   11:  //Button FSM
   12:  static void (* const  button_fsm[2][2])(unsigned char) = 
   13:  {
   14:                      //BUTTON_UP     //BUTTON_DOWN 
   15:  /*WAS UP*/          {button_do_nothing,button_press}, 
   16:  /*WAS DOWN*/        {button_release,button_repeat}
   17:  }; 
   18:  
   19:  static unsigned char button_state;                              //Initialized in 0
   20:  static unsigned char button_repeat_count[TOTAL_BUTTONS];        //Initialized in 0
   21:  static unsigned char timer_count[TOTAL_TIMERS];                 //Initialized in 0
   22:  static unsigned char timer_compare[TOTAL_TIMERS];               //Initialized in 0
   23:  
   24:  
   25:  void buttons_and_timers_init() 
   26:  {
*** EVALUATION ***

Function: buttons_and_timers_init
Source  : C:\Users\R2D2\Desktop\TETRIS\Sources\buttons_and_timers.c
Options : -CPUHCS12X -D__NO_FLOAT__ -Env"GENPATH=C:\Users\R2D2\Desktop\TETRIS;C:\Users\R2D2\Desktop\TETRIS\bin;C:\Users\R2D2\Desktop\TETRIS\prm;C:\Users\R2D2\Desktop\TETRIS\cmd;C:\Users\R2D2\Desktop\TETRIS\Sources;C:\Program Files (x86)\Freescale\CWS12v5.1\lib\HC12c\lib;C:\Program Files (x86)\Freescale\CWS12v5.1\lib\HC12c\src;C:\Users\R2D2\Desktop\TETRIS\Sources\DP256Reg;C:\Program Files (x86)\Freescale\CWS12v5.1\lib\HC12c\include" -Env"LIBPATH=C:\Program Files (x86)\Freescale\CWS12v5.1\lib\HC12c\include" -EnvOBJPATH=C:\Users\R2D2\Desktop\TETRIS\bin -EnvTEXTPATH=C:\Users\R2D2\Desktop\TETRIS\bin -Lasm=%n.lst -Lasmc= -Ms -Ot -ObjN=C:\Users\R2D2\Desktop\TETRIS\TETRIS_Data\RAM\ObjectCode\buttons_and_timers.c.o -WmsgSd1106

   27:      // MC9S12XDP512 Data Sheet, Rev. 2.15 page 103
   28:      // A write to the RTICTL register restarts the RTI time-out period.
   29:      DDRB = 0x00;  //PORTB all input
  0000 790000       [3]     CLR   _DDRAB:1
   30:  
   31:      //RTICTL = 0x77 | RTICTL_RTDEC_MASK;      // Decimal divider (16MHz / 1.6E6) = 100mseg
   32:      RTICTL = 0x73 | RTICTL_RTDEC_MASK;      // Decimal divider (16MHz / 800E3) = 50mseg
  0003 cc80f3       [2]     LDD   #33011
  0006 5b00         [2]     STAB  _RTICTL
   33:      CRGFLG = CRGFLG_RTIF_MASK;              // Clear RTI Inerrupt mask
  0008 5a00         [2]     STAA  _CRGFLG
   34:     
   35:      CRGINT |= CRGINT_RTIE_MASK;             // Enable RTI Interrupt 
  000a 4c0080       [4]     BSET  _CRGINT,#128
   36:      
   37:      _asm cli;                               // Enable interrupts
  000d 10ef         [1]     CLI   
   38:  }
  000f 3d           [5]     RTS   
   39:  
   40:  unsigned char is_button_down(unsigned char b)
   41:  {
*** EVALUATION ***

Function: is_button_down
Source  : C:\Users\R2D2\Desktop\TETRIS\Sources\buttons_and_timers.c
Options : -CPUHCS12X -D__NO_FLOAT__ -Env"GENPATH=C:\Users\R2D2\Desktop\TETRIS;C:\Users\R2D2\Desktop\TETRIS\bin;C:\Users\R2D2\Desktop\TETRIS\prm;C:\Users\R2D2\Desktop\TETRIS\cmd;C:\Users\R2D2\Desktop\TETRIS\Sources;C:\Program Files (x86)\Freescale\CWS12v5.1\lib\HC12c\lib;C:\Program Files (x86)\Freescale\CWS12v5.1\lib\HC12c\src;C:\Users\R2D2\Desktop\TETRIS\Sources\DP256Reg;C:\Program Files (x86)\Freescale\CWS12v5.1\lib\HC12c\include" -Env"LIBPATH=C:\Program Files (x86)\Freescale\CWS12v5.1\lib\HC12c\include" -EnvOBJPATH=C:\Users\R2D2\Desktop\TETRIS\bin -EnvTEXTPATH=C:\Users\R2D2\Desktop\TETRIS\bin -Lasm=%n.lst -Lasmc= -Ms -Ot -ObjN=C:\Users\R2D2\Desktop\TETRIS\TETRIS_Data\RAM\ObjectCode\buttons_and_timers.c.o -WmsgSd1106

  0000 37           [2]     PSHB  
   42:      return button_state & (1 << b);
  0001 c601         [1]     LDAB  #1
  0003 a680         [3]     LDAA  0,SP
  0005 2704         [3/1]   BEQ   *+6 ;abs = 000b
  0007 58           [1]     LSLB  
  0008 0430fc       [3]     DBNE  A,*-1 ;abs = 0007
  000b f40000       [3]     ANDB  button_state
   43:  }
  000e 1b81         [2]     LEAS  1,SP
  0010 3d           [5]     RTS   
   44:  
   45:  void set_button_repeat_period_ms(unsigned int ms)           //0 will disable repeat event
   46:  {
*** EVALUATION ***

Function: set_button_repeat_period_ms
Source  : C:\Users\R2D2\Desktop\TETRIS\Sources\buttons_and_timers.c
Options : -CPUHCS12X -D__NO_FLOAT__ -Env"GENPATH=C:\Users\R2D2\Desktop\TETRIS;C:\Users\R2D2\Desktop\TETRIS\bin;C:\Users\R2D2\Desktop\TETRIS\prm;C:\Users\R2D2\Desktop\TETRIS\cmd;C:\Users\R2D2\Desktop\TETRIS\Sources;C:\Program Files (x86)\Freescale\CWS12v5.1\lib\HC12c\lib;C:\Program Files (x86)\Freescale\CWS12v5.1\lib\HC12c\src;C:\Users\R2D2\Desktop\TETRIS\Sources\DP256Reg;C:\Program Files (x86)\Freescale\CWS12v5.1\lib\HC12c\include" -Env"LIBPATH=C:\Program Files (x86)\Freescale\CWS12v5.1\lib\HC12c\include" -EnvOBJPATH=C:\Users\R2D2\Desktop\TETRIS\bin -EnvTEXTPATH=C:\Users\R2D2\Desktop\TETRIS\bin -Lasm=%n.lst -Lasmc= -Ms -Ot -ObjN=C:\Users\R2D2\Desktop\TETRIS\TETRIS_Data\RAM\ObjectCode\buttons_and_timers.c.o -WmsgSd1106

   47:           unsigned char b;
   48:           _asm sei;
  0000 1410         [1]     SEI   
   49:           button_repeat_period = (unsigned char) (ms/INTERRUPT_PERIOD_MS);
  0002 ce0032       [2]     LDX   #50
  0005 1810         [12]    IDIV  
  0007 b751         [1]     TFR   X,B
  0009 87           [1]     CLRA  
  000a 7c0000       [3]     STD   button_repeat_period
  000d c7           [1]     CLRB  
   50:           for(b = 0 ; b < TOTAL_BUTTONS ; b++)
   51:                     button_repeat_count[b] = 0;
  000e 87           [1]     CLRA  
  000f b745         [1]     TFR   D,X
  0011 6ae20000     [3]     STAA  button_repeat_count,X
  0015 52           [1]     INCB  
  0016 c108         [1]     CMPB  #8
  0018 25f4         [3/1]   BCS   *-10 ;abs = 000e
   52:           _asm cli;
  001a 10ef         [1]     CLI   
   53:  }
  001c 3d           [5]     RTS   
   54:  
   55:  void set_timer_period_ms(unsigned char t, unsigned int ms)    //0 will disable timer
   56:  {
*** EVALUATION ***

Function: set_timer_period_ms
Source  : C:\Users\R2D2\Desktop\TETRIS\Sources\buttons_and_timers.c
Options : -CPUHCS12X -D__NO_FLOAT__ -Env"GENPATH=C:\Users\R2D2\Desktop\TETRIS;C:\Users\R2D2\Desktop\TETRIS\bin;C:\Users\R2D2\Desktop\TETRIS\prm;C:\Users\R2D2\Desktop\TETRIS\cmd;C:\Users\R2D2\Desktop\TETRIS\Sources;C:\Program Files (x86)\Freescale\CWS12v5.1\lib\HC12c\lib;C:\Program Files (x86)\Freescale\CWS12v5.1\lib\HC12c\src;C:\Users\R2D2\Desktop\TETRIS\Sources\DP256Reg;C:\Program Files (x86)\Freescale\CWS12v5.1\lib\HC12c\include" -Env"LIBPATH=C:\Program Files (x86)\Freescale\CWS12v5.1\lib\HC12c\include" -EnvOBJPATH=C:\Users\R2D2\Desktop\TETRIS\bin -EnvTEXTPATH=C:\Users\R2D2\Desktop\TETRIS\bin -Lasm=%n.lst -Lasmc= -Ms -Ot -ObjN=C:\Users\R2D2\Desktop\TETRIS\TETRIS_Data\RAM\ObjectCode\buttons_and_timers.c.o -WmsgSd1106

  0000 3b           [2]     PSHD  
   57:          _asm sei;
  0001 1410         [1]     SEI   
   58:          timer_compare[t] = (unsigned char) (ms/INTERRUPT_PERIOD_MS);
  0003 ec80         [3]     LDD   0,SP
  0005 ce0032       [2]     LDX   #50
  0008 1810         [12]    IDIV  
  000a b751         [1]     TFR   X,B
  000c ce0000       [2]     LDX   #timer_compare
  000f a684         [3]     LDAA  4,SP
  0011 6be4         [2]     STAB  A,X
   59:          timer_count[t] = 0;
  0013 ce0000       [2]     LDX   #timer_count
  0016 69e4         [2]     CLR   A,X
   60:          _asm cli;
  0018 10ef         [1]     CLI   
   61:  }
  001a 1b82         [2]     LEAS  2,SP
  001c 3d           [5]     RTS   
   62:  
   63:  void reset_timer(unsigned char t) 
   64:  {
*** EVALUATION ***

Function: reset_timer
Source  : C:\Users\R2D2\Desktop\TETRIS\Sources\buttons_and_timers.c
Options : -CPUHCS12X -D__NO_FLOAT__ -Env"GENPATH=C:\Users\R2D2\Desktop\TETRIS;C:\Users\R2D2\Desktop\TETRIS\bin;C:\Users\R2D2\Desktop\TETRIS\prm;C:\Users\R2D2\Desktop\TETRIS\cmd;C:\Users\R2D2\Desktop\TETRIS\Sources;C:\Program Files (x86)\Freescale\CWS12v5.1\lib\HC12c\lib;C:\Program Files (x86)\Freescale\CWS12v5.1\lib\HC12c\src;C:\Users\R2D2\Desktop\TETRIS\Sources\DP256Reg;C:\Program Files (x86)\Freescale\CWS12v5.1\lib\HC12c\include" -Env"LIBPATH=C:\Program Files (x86)\Freescale\CWS12v5.1\lib\HC12c\include" -EnvOBJPATH=C:\Users\R2D2\Desktop\TETRIS\bin -EnvTEXTPATH=C:\Users\R2D2\Desktop\TETRIS\bin -Lasm=%n.lst -Lasmc= -Ms -Ot -ObjN=C:\Users\R2D2\Desktop\TETRIS\TETRIS_Data\RAM\ObjectCode\buttons_and_timers.c.o -WmsgSd1106

   65:          timer_count[t] = 0;
  0000 ce0000       [2]     LDX   #timer_count
  0003 69e5         [2]     CLR   B,X
   66:  }
  0005 3d           [5]     RTS   
   67:  
   68:  //Note that if an event cannot be added to event queue
   69:  //It will be postponed INTERRUPT_PERIOD_MS (if event condition is still met)
   70:  //This guarantees that, for example, a repeat event cannot be generated
   71:  //if corresponding button down event was not added to queue
   72:  //Or that we won't have two button press events without a button release in the middle 
   73:  
   74:  static void button_press(unsigned char b)
   75:  {
*** EVALUATION ***

Function: button_press
Source  : C:\Users\R2D2\Desktop\TETRIS\Sources\buttons_and_timers.c
Options : -CPUHCS12X -D__NO_FLOAT__ -Env"GENPATH=C:\Users\R2D2\Desktop\TETRIS;C:\Users\R2D2\Desktop\TETRIS\bin;C:\Users\R2D2\Desktop\TETRIS\prm;C:\Users\R2D2\Desktop\TETRIS\cmd;C:\Users\R2D2\Desktop\TETRIS\Sources;C:\Program Files (x86)\Freescale\CWS12v5.1\lib\HC12c\lib;C:\Program Files (x86)\Freescale\CWS12v5.1\lib\HC12c\src;C:\Users\R2D2\Desktop\TETRIS\Sources\DP256Reg;C:\Program Files (x86)\Freescale\CWS12v5.1\lib\HC12c\include" -Env"LIBPATH=C:\Program Files (x86)\Freescale\CWS12v5.1\lib\HC12c\include" -EnvOBJPATH=C:\Users\R2D2\Desktop\TETRIS\bin -EnvTEXTPATH=C:\Users\R2D2\Desktop\TETRIS\bin -Lasm=%n.lst -Lasmc= -Ms -Ot -ObjN=C:\Users\R2D2\Desktop\TETRIS\TETRIS_Data\RAM\ObjectCode\buttons_and_timers.c.o -WmsgSd1106

  0000 6bad         [2]     STAB  3,-SP
   76:          EVENT_T ev;
   77:          ev.id = BUTTON_PRESS;
  0002 6981         [2]     CLR   1,SP
   78:          ev.data = b;
  0004 6b82         [2]     STAB  2,SP
   79:          button_repeat_count[b] = 0;
  0006 ce0000       [2]     LDX   #button_repeat_count
  0009 69e5         [2]     CLR   B,X
   80:          if(register_event_in_queue(&ev) == SUCCESS)
  000b 1a81         [2]     LEAX  1,SP
  000d b754         [1]     TFR   X,D
  000f 160000       [4]     JSR   register_event_in_queue
  0012 042410       [3]     DBNE  D,*+19 ;abs = 0025
   81:                  button_state |= (1 << b); 
  0015 c601         [1]     LDAB  #1
  0017 a680         [3]     LDAA  0,SP
  0019 2704         [3/1]   BEQ   *+6 ;abs = 001f
  001b 58           [1]     LSLB  
  001c 0430fc       [3]     DBNE  A,*-1 ;abs = 001b
  001f fa0000       [3]     ORAB  button_state
  0022 7b0000       [3]     STAB  button_state
   82:  }
  0025 1b83         [2]     LEAS  3,SP
  0027 3d           [5]     RTS   
   83:  
   84:  static void button_release(unsigned char b)
   85:  {
*** EVALUATION ***

Function: button_release
Source  : C:\Users\R2D2\Desktop\TETRIS\Sources\buttons_and_timers.c
Options : -CPUHCS12X -D__NO_FLOAT__ -Env"GENPATH=C:\Users\R2D2\Desktop\TETRIS;C:\Users\R2D2\Desktop\TETRIS\bin;C:\Users\R2D2\Desktop\TETRIS\prm;C:\Users\R2D2\Desktop\TETRIS\cmd;C:\Users\R2D2\Desktop\TETRIS\Sources;C:\Program Files (x86)\Freescale\CWS12v5.1\lib\HC12c\lib;C:\Program Files (x86)\Freescale\CWS12v5.1\lib\HC12c\src;C:\Users\R2D2\Desktop\TETRIS\Sources\DP256Reg;C:\Program Files (x86)\Freescale\CWS12v5.1\lib\HC12c\include" -Env"LIBPATH=C:\Program Files (x86)\Freescale\CWS12v5.1\lib\HC12c\include" -EnvOBJPATH=C:\Users\R2D2\Desktop\TETRIS\bin -EnvTEXTPATH=C:\Users\R2D2\Desktop\TETRIS\bin -Lasm=%n.lst -Lasmc= -Ms -Ot -ObjN=C:\Users\R2D2\Desktop\TETRIS\TETRIS_Data\RAM\ObjectCode\buttons_and_timers.c.o -WmsgSd1106

  0000 6bad         [2]     STAB  3,-SP
   86:          EVENT_T ev;
   87:          ev.id = BUTTON_RELEASE;
  0002 c602         [1]     LDAB  #2
  0004 6b81         [2]     STAB  1,SP
   88:          ev.data = b;
  0006 a680         [3]     LDAA  0,SP
  0008 6a82         [2]     STAA  2,SP
   89:          if(register_event_in_queue(&ev) == SUCCESS)
  000a 1a81         [2]     LEAX  1,SP
  000c b754         [1]     TFR   X,D
  000e 160000       [4]     JSR   register_event_in_queue
  0011 042411       [3]     DBNE  D,*+20 ;abs = 0025
   90:                  button_state &= ~(1 << b); 
  0014 c601         [1]     LDAB  #1
  0016 a680         [3]     LDAA  0,SP
  0018 2704         [3/1]   BEQ   *+6 ;abs = 001e
  001a 58           [1]     LSLB  
  001b 0430fc       [3]     DBNE  A,*-1 ;abs = 001a
  001e 51           [1]     COMB  
  001f f40000       [3]     ANDB  button_state
  0022 7b0000       [3]     STAB  button_state
   91:  }
  0025 1b83         [2]     LEAS  3,SP
  0027 3d           [5]     RTS   
   92:  
   93:  static void button_repeat(unsigned char b)
   94:  {
*** EVALUATION ***

Function: button_repeat
Source  : C:\Users\R2D2\Desktop\TETRIS\Sources\buttons_and_timers.c
Options : -CPUHCS12X -D__NO_FLOAT__ -Env"GENPATH=C:\Users\R2D2\Desktop\TETRIS;C:\Users\R2D2\Desktop\TETRIS\bin;C:\Users\R2D2\Desktop\TETRIS\prm;C:\Users\R2D2\Desktop\TETRIS\cmd;C:\Users\R2D2\Desktop\TETRIS\Sources;C:\Program Files (x86)\Freescale\CWS12v5.1\lib\HC12c\lib;C:\Program Files (x86)\Freescale\CWS12v5.1\lib\HC12c\src;C:\Users\R2D2\Desktop\TETRIS\Sources\DP256Reg;C:\Program Files (x86)\Freescale\CWS12v5.1\lib\HC12c\include" -Env"LIBPATH=C:\Program Files (x86)\Freescale\CWS12v5.1\lib\HC12c\include" -EnvOBJPATH=C:\Users\R2D2\Desktop\TETRIS\bin -EnvTEXTPATH=C:\Users\R2D2\Desktop\TETRIS\bin -Lasm=%n.lst -Lasmc= -Ms -Ot -ObjN=C:\Users\R2D2\Desktop\TETRIS\TETRIS_Data\RAM\ObjectCode\buttons_and_timers.c.o -WmsgSd1106

  0000 6bad         [2]     STAB  3,-SP
   95:          if(button_repeat_period != 0 && ++button_repeat_count[b] == button_repeat_period) 
  0002 fc0000       [3]     LDD   button_repeat_period
  0005 2730         [3/1]   BEQ   *+50 ;abs = 0037
  0007 e680         [3]     LDAB  0,SP
  0009 ce0000       [2]     LDX   #button_repeat_count
  000c 62e5         [3]     INC   B,X
  000e e6e5         [3]     LDAB  B,X
  0010 87           [1]     CLRA  
  0011 bc0000       [3]     CPD   button_repeat_period
  0014 2621         [3/1]   BNE   *+35 ;abs = 0037
   96:          {
   97:               EVENT_T ev;
   98:               ev.id = BUTTON_REPEAT;
  0016 42           [1]     INCA  
  0017 6a81         [2]     STAA  1,SP
   99:               ev.data = b;
  0019 e680         [3]     LDAB  0,SP
  001b 6b82         [2]     STAB  2,SP
  100:               if(register_event_in_queue(&ev) == SUCCESS)
  001d 1a81         [2]     LEAX  1,SP
  001f b754         [1]     TFR   X,D
  0021 160000       [4]     JSR   register_event_in_queue
  0024 042409       [3]     DBNE  D,*+12 ;abs = 0030
  101:                      button_repeat_count[b] = 0;
  0027 e680         [3]     LDAB  0,SP
  0029 ce0000       [2]     LDX   #button_repeat_count
  002c 69e5         [2]     CLR   B,X
  002e 2007         [3]     BRA   *+9 ;abs = 0037
  102:               else
  103:                   button_repeat_count[b]--;
  0030 e680         [3]     LDAB  0,SP
  0032 ce0000       [2]     LDX   #button_repeat_count
  0035 63e5         [3]     DEC   B,X
  104:          }
  105:  }
  0037 1b83         [2]     LEAS  3,SP
  0039 3d           [5]     RTS   
  106:  
  107:  #pragma MESSAGE DISABLE C5703 /*: Parameter declared but not referenced */
  108:  static void button_do_nothing(unsigned char b){}
*** EVALUATION ***

Function: button_do_nothing
Source  : C:\Users\R2D2\Desktop\TETRIS\Sources\buttons_and_timers.c
Options : -CPUHCS12X -D__NO_FLOAT__ -Env"GENPATH=C:\Users\R2D2\Desktop\TETRIS;C:\Users\R2D2\Desktop\TETRIS\bin;C:\Users\R2D2\Desktop\TETRIS\prm;C:\Users\R2D2\Desktop\TETRIS\cmd;C:\Users\R2D2\Desktop\TETRIS\Sources;C:\Program Files (x86)\Freescale\CWS12v5.1\lib\HC12c\lib;C:\Program Files (x86)\Freescale\CWS12v5.1\lib\HC12c\src;C:\Users\R2D2\Desktop\TETRIS\Sources\DP256Reg;C:\Program Files (x86)\Freescale\CWS12v5.1\lib\HC12c\include" -Env"LIBPATH=C:\Program Files (x86)\Freescale\CWS12v5.1\lib\HC12c\include" -EnvOBJPATH=C:\Users\R2D2\Desktop\TETRIS\bin -EnvTEXTPATH=C:\Users\R2D2\Desktop\TETRIS\bin -Lasm=%n.lst -Lasmc= -Ms -Ot -ObjN=C:\Users\R2D2\Desktop\TETRIS\TETRIS_Data\RAM\ObjectCode\buttons_and_timers.c.o -WmsgSd1106 -WmsgSd5703

  0000 3d           [5]     RTS   
  109:  #pragma MESSAGE WARNING C5703 /*: Parameter declared but not referenced */
  110:  
  111:  static void tick_timer(unsigned char t)
  112:  {
*** EVALUATION ***

Function: tick_timer
Source  : C:\Users\R2D2\Desktop\TETRIS\Sources\buttons_and_timers.c
Options : -CPUHCS12X -D__NO_FLOAT__ -Env"GENPATH=C:\Users\R2D2\Desktop\TETRIS;C:\Users\R2D2\Desktop\TETRIS\bin;C:\Users\R2D2\Desktop\TETRIS\prm;C:\Users\R2D2\Desktop\TETRIS\cmd;C:\Users\R2D2\Desktop\TETRIS\Sources;C:\Program Files (x86)\Freescale\CWS12v5.1\lib\HC12c\lib;C:\Program Files (x86)\Freescale\CWS12v5.1\lib\HC12c\src;C:\Users\R2D2\Desktop\TETRIS\Sources\DP256Reg;C:\Program Files (x86)\Freescale\CWS12v5.1\lib\HC12c\include" -Env"LIBPATH=C:\Program Files (x86)\Freescale\CWS12v5.1\lib\HC12c\include" -EnvOBJPATH=C:\Users\R2D2\Desktop\TETRIS\bin -EnvTEXTPATH=C:\Users\R2D2\Desktop\TETRIS\bin -Lasm=%n.lst -Lasmc= -Ms -Ot -ObjN=C:\Users\R2D2\Desktop\TETRIS\TETRIS_Data\RAM\ObjectCode\buttons_and_timers.c.o -WmsgSd1106 -WmsgSw5703

  0000 6bad         [2]     STAB  3,-SP
  113:          if(timer_compare[t] != 0 && ++timer_count[t] == timer_compare[t])
  0002 ce0000       [2]     LDX   #timer_compare
  0005 a6e5         [3]     LDAA  B,X
  0007 272e         [3/1]   BEQ   *+48 ;abs = 0037
  0009 ce0000       [2]     LDX   #timer_count
  000c 62e5         [3]     INC   B,X
  000e a6e5         [3]     LDAA  B,X
  0010 ce0000       [2]     LDX   #timer_compare
  0013 a1e5         [3]     CMPA  B,X
  0015 2620         [3/1]   BNE   *+34 ;abs = 0037
  114:          {
  115:               EVENT_T ev;
  116:               ev.id = TIMER;
  0017 8603         [1]     LDAA  #3
  0019 6a81         [2]     STAA  1,SP
  117:               ev.data = t;
  001b 6b82         [2]     STAB  2,SP
  118:               if(register_event_in_queue(&ev) == SUCCESS)
  001d 1a81         [2]     LEAX  1,SP
  001f b754         [1]     TFR   X,D
  0021 160000       [4]     JSR   register_event_in_queue
  0024 042409       [3]     DBNE  D,*+12 ;abs = 0030
  119:                      timer_count[t] = 0;
  0027 e680         [3]     LDAB  0,SP
  0029 ce0000       [2]     LDX   #timer_count
  002c 69e5         [2]     CLR   B,X
  002e 2007         [3]     BRA   *+9 ;abs = 0037
  120:               else
  121:                   timer_count[t]--;  //Try not to lose event by undoing last tick!
  0030 e680         [3]     LDAB  0,SP
  0032 ce0000       [2]     LDX   #timer_count
  0035 63e5         [3]     DEC   B,X
  122:          }
  123:  }
  0037 1b83         [2]     LEAS  3,SP
  0039 3d           [5]     RTS   
  124:  
  125:  void interrupt ISR_rti(void) 
  126:  {       
*** EVALUATION ***

Function: ISR_rti
Source  : C:\Users\R2D2\Desktop\TETRIS\Sources\buttons_and_timers.c
Options : -CPUHCS12X -D__NO_FLOAT__ -Env"GENPATH=C:\Users\R2D2\Desktop\TETRIS;C:\Users\R2D2\Desktop\TETRIS\bin;C:\Users\R2D2\Desktop\TETRIS\prm;C:\Users\R2D2\Desktop\TETRIS\cmd;C:\Users\R2D2\Desktop\TETRIS\Sources;C:\Program Files (x86)\Freescale\CWS12v5.1\lib\HC12c\lib;C:\Program Files (x86)\Freescale\CWS12v5.1\lib\HC12c\src;C:\Users\R2D2\Desktop\TETRIS\Sources\DP256Reg;C:\Program Files (x86)\Freescale\CWS12v5.1\lib\HC12c\include" -Env"LIBPATH=C:\Program Files (x86)\Freescale\CWS12v5.1\lib\HC12c\include" -EnvOBJPATH=C:\Users\R2D2\Desktop\TETRIS\bin -EnvTEXTPATH=C:\Users\R2D2\Desktop\TETRIS\bin -Lasm=%n.lst -Lasmc= -Ms -Ot -ObjN=C:\Users\R2D2\Desktop\TETRIS\TETRIS_Data\RAM\ObjectCode\buttons_and_timers.c.o -WmsgSd1106 -WmsgSw5703

  0000 1b9b         [2]     LEAS  -5,SP
  127:          unsigned char i,j;
  128:          
  129:          CRGFLG = CRGFLG_RTIF_MASK;  //Clear RTI interrupt flag
  0002 cc0180       [2]     LDD   #384
  0005 5b00         [2]     STAB  _CRGFLG
  130:          
  131:          //Update buttons
  132:          for(i = 0, j = 1; i < TOTAL_BUTTONS ; i++, j<<=1)
  0007 6984         [2]     CLR   4,SP
  0009 6a83         [2]     STAA  3,SP
  133:                  button_fsm[button_state & j ? 1 : 0][(~PORTB) & j ? 1 : 0](i);
  000b e684         [3]     LDAB  4,SP
  000d 6b82         [2]     STAB  2,SP
  000f d600         [3]     LDAB  _PORTAB:1
  0011 51           [1]     COMB  
  0012 e483         [3]     ANDB  3,SP
  0014 2702         [3/1]   BEQ   *+4 ;abs = 0018
  0016 c601         [1]     LDAB  #1
  0018 87           [1]     CLRA  
  0019 6c80         [2]     STD   0,SP
  001b f60000       [3]     LDAB  button_state
  001e e483         [3]     ANDB  3,SP
  0020 2605         [3/1]   BNE   *+7 ;abs = 0027
  0022 cc0000       [2]     LDD   #button_fsm
  0025 2003         [3]     BRA   *+5 ;abs = 002a
  0027 cc0000       [2]     LDD   #button_fsm:4
  002a ee80         [3]     LDX   0,SP
  002c 1848         [2]     LSLX  
  002e 1ae6         [2]     LEAX  D,X
  0030 b756         [1]     TFR   X,Y
  0032 e682         [3]     LDAB  2,SP
  0034 15e30000     [7]     JSR   [0,X]
  0038 6284         [3]     INC   4,SP
  003a 6883         [3]     LSL   3,SP
  003c e684         [3]     LDAB  4,SP
  003e c108         [1]     CMPB  #8
  0040 25c9         [3/1]   BCS   *-53 ;abs = 000b
  134:          
  135:          //Update timers
  136:          for(i = 0 ; i < TOTAL_TIMERS ; i++)
  0042 c7           [1]     CLRB  
  137:                  tick_timer(i);           
  0043 37           [2]     PSHB  
  0044 0700         [4]     BSR   tick_timer
  0046 33           [3]     PULB  
  0047 52           [1]     INCB  
  0048 c108         [1]     CMPB  #8
  004a 25f7         [3/1]   BCS   *-7 ;abs = 0043
  138:  }
  004c 1b85         [2]     LEAS  5,SP
  004e 0b           [8]     RTI   
  139:  
  140:  
