*** EVALUATION ***
ANSI-C/cC++ Compiler for HC12 V-5.0.41 Build 10203, Jul 23 2010

    1:  //Vectores de interrupción para MonS12X
    2:  
    3:  #include "config.h"
    4:  
    5:  #ifndef NOTUSED
    6:  #define NOTUSED ((const *)0xFFFF)
    7:  #endif
    8:  
    9:  extern void _Startup(); /* startup routine */
   10:  extern void ISR_rti();  /* RTI routine */
   11:  
   12:  #pragma CODE_SEG __NEAR_SEG NON_BANKED /* Interrupt section for this module. Placement will be in NON_BANKED area. */
   13:  
   14:  __interrupt void UnimplementedISR(void)  
   15:  {                                                 
*** EVALUATION ***

Function: UnimplementedISR
Source  : C:\Users\R2D2\Desktop\TETRIS\Sources\ivt.c
Options : -CPUHCS12X -D__NO_FLOAT__ -Env"GENPATH=C:\Users\R2D2\Desktop\TETRIS;C:\Users\R2D2\Desktop\TETRIS\bin;C:\Users\R2D2\Desktop\TETRIS\prm;C:\Users\R2D2\Desktop\TETRIS\cmd;C:\Users\R2D2\Desktop\TETRIS\Sources;C:\Program Files (x86)\Freescale\CWS12v5.1\lib\HC12c\lib;C:\Program Files (x86)\Freescale\CWS12v5.1\lib\HC12c\src;C:\Users\R2D2\Desktop\TETRIS\Sources\DP256Reg;C:\Program Files (x86)\Freescale\CWS12v5.1\lib\HC12c\include" -Env"LIBPATH=C:\Program Files (x86)\Freescale\CWS12v5.1\lib\HC12c\include" -EnvOBJPATH=C:\Users\R2D2\Desktop\TETRIS\bin -EnvTEXTPATH=C:\Users\R2D2\Desktop\TETRIS\bin -Lasm=%n.lst -Lasmc= -Ms -Ot -ObjN=C:\Users\R2D2\Desktop\TETRIS\TETRIS_Data\RAM\ObjectCode\ivt.c.o

   16:     asm BGND; /* Unimplemented ISRs trap.*/
  0000 00           [5]     BGND  
   17:  }                                         
  0001 0b           [8]     RTI   
   18:  
   19:  #pragma CONST_SEG VECTORS
   20:  
   21:  void (* const interrupt_vector_table[])() =
   22:  {
   23:      NOTUSED,	// VECT119	spurious
   24:      NOTUSED,	// VECT118	Reserved119
   25:      NOTUSED,	// VECT117	Reserved118
   26:      NOTUSED,	// VECT116	Reserved117
   27:      NOTUSED,	// VECT115	Reserved116
   28:      NOTUSED,	// VECT114	Reserved115
   29:      NOTUSED,	// VECT113	Reserved114
   30:      NOTUSED,	// VECT112	Reserved113
   31:      NOTUSED,	// VECT111	Reserved112
   32:      NOTUSED,	// VECT110	Reserved111
   33:      NOTUSED,	// VECT109	Reserved110
   34:      NOTUSED,	// VECT108	Reserved109
   35:      NOTUSED,	// VECT107	Reserved108
   36:      NOTUSED,	// VECT106	Reserved107
   37:      NOTUSED,	// VECT105	Reserved106
   38:      NOTUSED,	// VECT104	Reserved105
   39:      NOTUSED,	// VECT103	Reserved104
   40:      NOTUSED,	// VECT102	Reserved103
   41:      NOTUSED,	// VECT101	Reserved102
   42:      NOTUSED,	// VECT100	Reserved101
   43:      NOTUSED,	// VECT99	Reserved100
   44:      NOTUSED,	// VECT98	Reserved99
   45:      NOTUSED,	// VECT97	Reserved98
   46:      NOTUSED,	// VECT96	Reserved97
   47:      NOTUSED,	// VECT95	Reserved96
   48:      NOTUSED,	// VECT94	Reserved95
   49:      NOTUSED,	// VECT93	Reserved94
   50:      NOTUSED,	// VECT92	Reserved93
   51:      NOTUSED,	// VECT91	Reserved92
   52:      NOTUSED,	// VECT90	Reserved91
   53:      NOTUSED,	// VECT89	Reserved90
   54:      NOTUSED,	// VECT88	Reserved89
   55:      NOTUSED,	// VECT87	Reserved88
   56:      NOTUSED,	// VECT86	Reserved87
   57:      NOTUSED,	// VECT85	Reserved86
   58:      NOTUSED,	// VECT84	Reserved85
   59:      NOTUSED,	// VECT83	Reserved84
   60:      NOTUSED,	// VECT82	Reserved83
   61:      NOTUSED,	// VECT81	Reserved82
   62:      NOTUSED,	// VECT80	Reserved81
   63:      NOTUSED,	// VECT79	xsramav
   64:      NOTUSED,	// VECT78	xsei
   65:      NOTUSED,	// VECT77	xst7
   66:      NOTUSED,	// VECT76	xst6
   67:      NOTUSED,	// VECT75	xst5
   68:      NOTUSED,	// VECT74	xst4
   69:      NOTUSED,	// VECT73	xst3
   70:      NOTUSED,	// VECT72	xst2
   71:      NOTUSED,	// VECT71	xst1
   72:      NOTUSED,	// VECT70	xst0
   73:      NOTUSED,	// VECT69	pit3
   74:      NOTUSED,	// VECT68	pit2
   75:      NOTUSED,	// VECT67	pit1
   76:      NOTUSED,	// VECT66	pit0
   77:      NOTUSED,	// VECT65	Reserved65
   78:      NOTUSED,	// VECT64	api
   79:      NOTUSED,	// VECT63	lvi
   80:      NOTUSED,	// VECT62	iic1
   81:      NOTUSED,	// VECT61	sci5
   82:      NOTUSED,	// VECT60	sci4
   83:      NOTUSED,	// VECT59	sci3
   84:      NOTUSED,	// VECT58	sci2
   85:      NOTUSED,	// VECT57	pwmesdn
   86:      NOTUSED,	// VECT56	portp
   87:      NOTUSED,	// VECT55	can4tx
   88:      NOTUSED,	// VECT54	can4rx
   89:      NOTUSED,	// VECT53	can4err
   90:      NOTUSED,	// VECT52	can4wkup
   91:      NOTUSED,	// VECT51	can3tx
   92:      NOTUSED,	// VECT50	can3rx
   93:      NOTUSED,	// VECT49	can3err
   94:      NOTUSED,	// VECT48	can3wkup
   95:      NOTUSED,	// VECT47	can2tx
   96:      NOTUSED,	// VECT46	can2rx
   97:      NOTUSED,	// VECT45	can2err
   98:      NOTUSED,	// VECT44	can2wkup
   99:      NOTUSED,	// VECT43	can1tx
  100:      NOTUSED,	// VECT42	can1rx
  101:      NOTUSED,	// VECT41	can1err
  102:      NOTUSED,	// VECT40	can1wkup
  103:      NOTUSED,	// VECT39	can0tx
  104:      NOTUSED,	// VECT38	can0rx
  105:      NOTUSED,	// VECT37	can0err
  106:      NOTUSED,	// VECT36	can0wkup
  107:      NOTUSED,	// VECT35	flash
  108:      NOTUSED,	// VECT34	eeprom
  109:      NOTUSED,	// VECT33	spi2
  110:      NOTUSED,	// VECT32	spi1
  111:      NOTUSED,	// VECT31	iic0
  112:      NOTUSED,	// VECT30	Reserved30
  113:      NOTUSED,	// VECT29	crgscm
  114:      NOTUSED,	// VECT28	crgplllck
  115:      NOTUSED,	// VECT27	timpabovf
  116:      NOTUSED,	// VECT26	timmdcu
  117:      NOTUSED,	// VECT25	porth
  118:      NOTUSED,	// VECT24	portj
  119:      NOTUSED,	// VECT23	atd1
  120:      NOTUSED,	// VECT22	atd0
  121:      NOTUSED,	// VECT21	sci1
  122:      NOTUSED,	// VECT20	sci0
  123:      NOTUSED,	// VECT19	spi0
  124:      NOTUSED,	// VECT18	timpaie
  125:      NOTUSED,	// VECT17	timpaaovf
  126:      NOTUSED,	// VECT16	timovf
  127:      NOTUSED,	// VECT15	timch7
  128:      NOTUSED,	// VECT14	timch6
  129:      NOTUSED,	// VECT13	timch5
  130:      NOTUSED,	// VECT12	timch4
  131:      NOTUSED,	// VECT11	timch3
  132:      NOTUSED,	// VECT10	timch2
  133:      NOTUSED,	// VECT9	timch1
  134:      NOTUSED,	// VECT8	timch0
  135:      ISR_rti,	// VECT7	rti
  136:      NOTUSED,	// VECT6	irq
  137:      NOTUSED,	// VECT5	xirq
  138:      NOTUSED,	// VECT4	swi
  139:      NOTUSED,	// VECT3	trap
  140:      NOTUSED,	// VECT2	cop
  141:      NOTUSED,	// VECT1	clkmon
  142:      _Startup,	    // VECT0	reset
  143:  };
  144:  
  145:  
