*** EVALUATION ***
ANSI-C/cC++ Compiler for HC12 V-5.0.41 Build 10203, Jul 23 2010

    1:  #include "LEDdisplay.h"
    2:  #include "WS2812B.h"
    3:  #include <stdlib.h>
    4:  
    5:  //This will be initialized in zero!
    6:  static color display_raw_data[DISPLAY_HEIGHT][DISPLAY_WIDTH];
    7:  
    8:  // Display initialization
    9:  void LEDdisplay_init()
   10:  {
*** EVALUATION ***

Function: LEDdisplay_init
Source  : C:\Users\R2D2\Desktop\TETRIS\Sources\LEDdisplay.c
Options : -CPUHCS12X -D__NO_FLOAT__ -Env"GENPATH=C:\Users\R2D2\Desktop\TETRIS;C:\Users\R2D2\Desktop\TETRIS\bin;C:\Users\R2D2\Desktop\TETRIS\prm;C:\Users\R2D2\Desktop\TETRIS\cmd;C:\Users\R2D2\Desktop\TETRIS\Sources;C:\Program Files (x86)\Freescale\CWS12v5.1\lib\HC12c\lib;C:\Program Files (x86)\Freescale\CWS12v5.1\lib\HC12c\src;C:\Users\R2D2\Desktop\TETRIS\Sources\DP256Reg;C:\Program Files (x86)\Freescale\CWS12v5.1\lib\HC12c\include" -Env"LIBPATH=C:\Program Files (x86)\Freescale\CWS12v5.1\lib\HC12c\include" -EnvOBJPATH=C:\Users\R2D2\Desktop\TETRIS\bin -EnvTEXTPATH=C:\Users\R2D2\Desktop\TETRIS\bin -Lasm=%n.lst -Lasmc= -Ms -Ot -ObjN=C:\Users\R2D2\Desktop\TETRIS\TETRIS_Data\RAM\ObjectCode\LEDdisplay.c.o

   11:      WS2812B_Init();
  0000 060000       [3]     JMP   WS2812B_Init
   12:  }
   13:  
   14:  static color* get_pointer_to_pixel(unsigned char x, unsigned char y) 
   15:  {
*** EVALUATION ***

Function: get_pointer_to_pixel
Source  : C:\Users\R2D2\Desktop\TETRIS\Sources\LEDdisplay.c
Options : -CPUHCS12X -D__NO_FLOAT__ -Env"GENPATH=C:\Users\R2D2\Desktop\TETRIS;C:\Users\R2D2\Desktop\TETRIS\bin;C:\Users\R2D2\Desktop\TETRIS\prm;C:\Users\R2D2\Desktop\TETRIS\cmd;C:\Users\R2D2\Desktop\TETRIS\Sources;C:\Program Files (x86)\Freescale\CWS12v5.1\lib\HC12c\lib;C:\Program Files (x86)\Freescale\CWS12v5.1\lib\HC12c\src;C:\Users\R2D2\Desktop\TETRIS\Sources\DP256Reg;C:\Program Files (x86)\Freescale\CWS12v5.1\lib\HC12c\include" -Env"LIBPATH=C:\Program Files (x86)\Freescale\CWS12v5.1\lib\HC12c\include" -EnvOBJPATH=C:\Users\R2D2\Desktop\TETRIS\bin -EnvTEXTPATH=C:\Users\R2D2\Desktop\TETRIS\bin -Lasm=%n.lst -Lasmc= -Ms -Ot -ObjN=C:\Users\R2D2\Desktop\TETRIS\TETRIS_Data\RAM\ObjectCode\LEDdisplay.c.o

  0000 6bad         [2]     STAB  3,-SP
   16:      //ZIG-ZAG display!!
   17:      color* return_value = NULL;
  0002 186981       [3]     CLRW  1,SP
   18:      if((x < DISPLAY_WIDTH) && (y < DISPLAY_HEIGHT))
  0005 e685         [3]     LDAB  5,SP
  0007 c108         [1]     CMPB  #8
  0009 2449         [3/1]   BCC   *+75 ;abs = 0054
  000b e680         [3]     LDAB  0,SP
  000d c120         [1]     CMPB  #32
  000f 2443         [3/1]   BCC   *+69 ;abs = 0054
   19:      {   
   20:          if(y & 1)
  0011 0f800118     [4]     BRCLR 0,SP,#1,*+28 ;abs = 002d
   21:              return_value = &display_raw_data[DISPLAY_HEIGHT-1-y][x];
  0015 87           [1]     CLRA  
  0016 3b           [2]     PSHD  
  0017 c61f         [1]     LDAB  #31
  0019 a380         [3]     SUBD  0,SP
  001b b746         [1]     TFR   D,Y
  001d c618         [1]     LDAB  #24
  001f 87           [1]     CLRA  
  0020 13           [1]     EMUL  
  0021 c30000       [2]     ADDD  #display_raw_data
  0024 b745         [1]     TFR   D,X
  0026 c603         [1]     LDAB  #3
  0028 a687         [3]     LDAA  7,SP
  002a 12           [1]     MUL   
  002b 2021         [3]     BRA   *+35 ;abs = 004e
   22:          else
   23:              return_value = &display_raw_data[DISPLAY_HEIGHT-1-y][DISPLAY_WIDTH-1-x];   
  002d 87           [1]     CLRA  
  002e 3b           [2]     PSHD  
  002f c61f         [1]     LDAB  #31
  0031 a380         [3]     SUBD  0,SP
  0033 b746         [1]     TFR   D,Y
  0035 c618         [1]     LDAB  #24
  0037 87           [1]     CLRA  
  0038 13           [1]     EMUL  
  0039 b745         [1]     TFR   D,X
  003b e687         [3]     LDAB  7,SP
  003d 87           [1]     CLRA  
  003e 6c80         [2]     STD   0,SP
  0040 c607         [1]     LDAB  #7
  0042 a380         [3]     SUBD  0,SP
  0044 188b0000     [3]     ADDX  #display_raw_data
  0048 b746         [1]     TFR   D,Y
  004a c603         [1]     LDAB  #3
  004c 87           [1]     CLRA  
  004d 13           [1]     EMUL  
  004e 1ae6         [2]     LEAX  D,X
  0050 6e83         [2]     STX   3,SP
  0052 1b82         [2]     LEAS  2,SP
   24:      }
   25:      return return_value;
  0054 ec81         [3]     LDD   1,SP
   26:  }
  0056 1b83         [2]     LEAS  3,SP
  0058 3d           [5]     RTS   
   27:  
   28:  //This is just an auxiliar function
   29:  color LEDdisplay_map_rgb(unsigned char r, unsigned char g, unsigned char b)
   30:  {
*** EVALUATION ***

Function: LEDdisplay_map_rgb
Source  : C:\Users\R2D2\Desktop\TETRIS\Sources\LEDdisplay.c
Options : -CPUHCS12X -D__NO_FLOAT__ -Env"GENPATH=C:\Users\R2D2\Desktop\TETRIS;C:\Users\R2D2\Desktop\TETRIS\bin;C:\Users\R2D2\Desktop\TETRIS\prm;C:\Users\R2D2\Desktop\TETRIS\cmd;C:\Users\R2D2\Desktop\TETRIS\Sources;C:\Program Files (x86)\Freescale\CWS12v5.1\lib\HC12c\lib;C:\Program Files (x86)\Freescale\CWS12v5.1\lib\HC12c\src;C:\Users\R2D2\Desktop\TETRIS\Sources\DP256Reg;C:\Program Files (x86)\Freescale\CWS12v5.1\lib\HC12c\include" -Env"LIBPATH=C:\Program Files (x86)\Freescale\CWS12v5.1\lib\HC12c\include" -EnvOBJPATH=C:\Users\R2D2\Desktop\TETRIS\bin -EnvTEXTPATH=C:\Users\R2D2\Desktop\TETRIS\bin -Lasm=%n.lst -Lasmc= -Ms -Ot -ObjN=C:\Users\R2D2\Desktop\TETRIS\TETRIS_Data\RAM\ObjectCode\LEDdisplay.c.o

  0000 6bac         [2]     STAB  4,-SP
   31:      color c;
   32:      c.r = r;  c.g = g; c.b = b;
  0002 e687         [3]     LDAB  7,SP
  0004 6b82         [2]     STAB  2,SP
  0006 e686         [3]     LDAB  6,SP
  0008 6b81         [2]     STAB  1,SP
  000a e680         [3]     LDAB  0,SP
  000c 6b83         [2]     STAB  3,SP
   33:      return c;
  000e ee88         [3]     LDX   8,SP
  0010 e681         [3]     LDAB  1,SP
  0012 6b00         [2]     STAB  0,X
  0014 ec82         [3]     LDD   2,SP
  0016 6c01         [2]     STD   1,X
   34:  }
  0018 1b84         [2]     LEAS  4,SP
  001a 3d           [5]     RTS   
   35:  
   36:  //Set display pixel
   37:  void LEDdisplay_set_pixel(unsigned char x, unsigned char y, color c) 
   38:  {
*** EVALUATION ***

Function: LEDdisplay_set_pixel
Source  : C:\Users\R2D2\Desktop\TETRIS\Sources\LEDdisplay.c
Options : -CPUHCS12X -D__NO_FLOAT__ -Env"GENPATH=C:\Users\R2D2\Desktop\TETRIS;C:\Users\R2D2\Desktop\TETRIS\bin;C:\Users\R2D2\Desktop\TETRIS\prm;C:\Users\R2D2\Desktop\TETRIS\cmd;C:\Users\R2D2\Desktop\TETRIS\Sources;C:\Program Files (x86)\Freescale\CWS12v5.1\lib\HC12c\lib;C:\Program Files (x86)\Freescale\CWS12v5.1\lib\HC12c\src;C:\Users\R2D2\Desktop\TETRIS\Sources\DP256Reg;C:\Program Files (x86)\Freescale\CWS12v5.1\lib\HC12c\include" -Env"LIBPATH=C:\Program Files (x86)\Freescale\CWS12v5.1\lib\HC12c\include" -EnvOBJPATH=C:\Users\R2D2\Desktop\TETRIS\bin -EnvTEXTPATH=C:\Users\R2D2\Desktop\TETRIS\bin -Lasm=%n.lst -Lasmc= -Ms -Ot -ObjN=C:\Users\R2D2\Desktop\TETRIS\TETRIS_Data\RAM\ObjectCode\LEDdisplay.c.o

  0000 6eac         [2]     STX   4,-SP
  0002 37           [2]     PSHB  
   39:      color* pixel = get_pointer_to_pixel(x,y);
  0003 e688         [3]     LDAB  8,SP
  0005 37           [2]     PSHB  
  0006 e688         [3]     LDAB  8,SP
  0008 0700         [4]     BSR   get_pointer_to_pixel
  000a 1b81         [2]     LEAS  1,SP
  000c 6c83         [2]     STD   3,SP
   40:      if(pixel != NULL)
  000e 270a         [3/1]   BEQ   *+12 ;abs = 001a
   41:          (*pixel) = c;
  0010 e680         [3]     LDAB  0,SP
  0012 ee83         [3]     LDX   3,SP
  0014 6b00         [2]     STAB  0,X
  0016 ec81         [3]     LDD   1,SP
  0018 6c01         [2]     STD   1,X
   42:  }
  001a 1b85         [2]     LEAS  5,SP
  001c 3d           [5]     RTS   
   43:  
   44:  color LEDdisplay_get_pixel(unsigned char x, unsigned char y)
   45:  {
*** EVALUATION ***

Function: LEDdisplay_get_pixel
Source  : C:\Users\R2D2\Desktop\TETRIS\Sources\LEDdisplay.c
Options : -CPUHCS12X -D__NO_FLOAT__ -Env"GENPATH=C:\Users\R2D2\Desktop\TETRIS;C:\Users\R2D2\Desktop\TETRIS\bin;C:\Users\R2D2\Desktop\TETRIS\prm;C:\Users\R2D2\Desktop\TETRIS\cmd;C:\Users\R2D2\Desktop\TETRIS\Sources;C:\Program Files (x86)\Freescale\CWS12v5.1\lib\HC12c\lib;C:\Program Files (x86)\Freescale\CWS12v5.1\lib\HC12c\src;C:\Users\R2D2\Desktop\TETRIS\Sources\DP256Reg;C:\Program Files (x86)\Freescale\CWS12v5.1\lib\HC12c\include" -Env"LIBPATH=C:\Program Files (x86)\Freescale\CWS12v5.1\lib\HC12c\include" -EnvOBJPATH=C:\Users\R2D2\Desktop\TETRIS\bin -EnvTEXTPATH=C:\Users\R2D2\Desktop\TETRIS\bin -Lasm=%n.lst -Lasmc= -Ms -Ot -ObjN=C:\Users\R2D2\Desktop\TETRIS\TETRIS_Data\RAM\ObjectCode\LEDdisplay.c.o

  0000 6ba9         [2]     STAB  7,-SP
  0002 1b9e         [2]     LEAS  -2,SP
   46:        color* pixel = get_pointer_to_pixel(x,y);
  0004 e68b         [3]     LDAB  11,SP
  0006 37           [2]     PSHB  
  0007 e683         [3]     LDAB  3,SP
  0009 160000       [4]     JSR   get_pointer_to_pixel
  000c 1b81         [2]     LEAS  1,SP
  000e 6c87         [2]     STD   7,SP
   47:        if(pixel != NULL)
  0010 2710         [3/1]   BEQ   *+18 ;abs = 0022
   48:            return *pixel;
  0012 b745         [1]     TFR   D,X
  0014 e600         [3]     LDAB  0,X
  0016 37           [2]     PSHB  
  0017 ec01         [3]     LDD   1,X
  0019 ee8d         [3]     LDX   13,SP
  001b 6c01         [2]     STD   1,X
  001d 33           [3]     PULB  
  001e 6b00         [2]     STAB  0,X
  0020 2019         [3]     BRA   *+27 ;abs = 003b
   49:        return LEDdisplay_map_rgb(0,0,0);
  0022 1a83         [2]     LEAX  3,SP
  0024 34           [2]     PSHX  
  0025 c7           [1]     CLRB  
  0026 37           [2]     PSHB  
  0027 37           [2]     PSHB  
  0028 eef010       [3]     LDX   16,SP
  002b 6e84         [2]     STX   4,SP
  002d 0700         [4]     BSR   LEDdisplay_map_rgb
  002f 1b84         [2]     LEAS  4,SP
  0031 e683         [3]     LDAB  3,SP
  0033 ee80         [3]     LDX   0,SP
  0035 6b00         [2]     STAB  0,X
  0037 ec84         [3]     LDD   4,SP
  0039 6c01         [2]     STD   1,X
   50:  }
  003b 1b89         [2]     LEAS  9,SP
  003d 3d           [5]     RTS   
   51:  
   52:  void LEDdisplay_clear_to_color(color c)
   53:  {
*** EVALUATION ***

Function: LEDdisplay_clear_to_color
Source  : C:\Users\R2D2\Desktop\TETRIS\Sources\LEDdisplay.c
Options : -CPUHCS12X -D__NO_FLOAT__ -Env"GENPATH=C:\Users\R2D2\Desktop\TETRIS;C:\Users\R2D2\Desktop\TETRIS\bin;C:\Users\R2D2\Desktop\TETRIS\prm;C:\Users\R2D2\Desktop\TETRIS\cmd;C:\Users\R2D2\Desktop\TETRIS\Sources;C:\Program Files (x86)\Freescale\CWS12v5.1\lib\HC12c\lib;C:\Program Files (x86)\Freescale\CWS12v5.1\lib\HC12c\src;C:\Users\R2D2\Desktop\TETRIS\Sources\DP256Reg;C:\Program Files (x86)\Freescale\CWS12v5.1\lib\HC12c\include" -Env"LIBPATH=C:\Program Files (x86)\Freescale\CWS12v5.1\lib\HC12c\include" -EnvOBJPATH=C:\Users\R2D2\Desktop\TETRIS\bin -EnvTEXTPATH=C:\Users\R2D2\Desktop\TETRIS\bin -Lasm=%n.lst -Lasmc= -Ms -Ot -ObjN=C:\Users\R2D2\Desktop\TETRIS\TETRIS_Data\RAM\ObjectCode\LEDdisplay.c.o

  0000 6eac         [2]     STX   4,-SP
  0002 37           [2]     PSHB  
   54:      unsigned char x,y;
   55:      for(y = 0 ; y < DISPLAY_HEIGHT ; y++)
  0003 6984         [2]     CLR   4,SP
   56:          for(x = 0 ; x < DISPLAY_WIDTH ; x++)
  0005 6983         [2]     CLR   3,SP
   57:              display_raw_data[y][x] = c;
  0007 c618         [1]     LDAB  #24
  0009 a684         [3]     LDAA  4,SP
  000b 12           [1]     MUL   
  000c b745         [1]     TFR   D,X
  000e c603         [1]     LDAB  #3
  0010 a683         [3]     LDAA  3,SP
  0012 12           [1]     MUL   
  0013 1ae6         [2]     LEAX  D,X
  0015 ec81         [3]     LDD   1,SP
  0017 6ce20000     [3]     STD   display_raw_data:1,X
  001b e680         [3]     LDAB  0,SP
  001d 6be20000     [3]     STAB  display_raw_data,X
  0021 6283         [3]     INC   3,SP
  0023 e683         [3]     LDAB  3,SP
  0025 c108         [1]     CMPB  #8
  0027 25de         [3/1]   BCS   *-32 ;abs = 0007
  0029 6284         [3]     INC   4,SP
  002b e684         [3]     LDAB  4,SP
  002d c120         [1]     CMPB  #32
  002f 25d4         [3/1]   BCS   *-42 ;abs = 0005
   58:  }
  0031 1b85         [2]     LEAS  5,SP
  0033 3d           [5]     RTS   
   59:  
   60:  void LEDdisplay_update(void)
   61:  {
*** EVALUATION ***

Function: LEDdisplay_update
Source  : C:\Users\R2D2\Desktop\TETRIS\Sources\LEDdisplay.c
Options : -CPUHCS12X -D__NO_FLOAT__ -Env"GENPATH=C:\Users\R2D2\Desktop\TETRIS;C:\Users\R2D2\Desktop\TETRIS\bin;C:\Users\R2D2\Desktop\TETRIS\prm;C:\Users\R2D2\Desktop\TETRIS\cmd;C:\Users\R2D2\Desktop\TETRIS\Sources;C:\Program Files (x86)\Freescale\CWS12v5.1\lib\HC12c\lib;C:\Program Files (x86)\Freescale\CWS12v5.1\lib\HC12c\src;C:\Users\R2D2\Desktop\TETRIS\Sources\DP256Reg;C:\Program Files (x86)\Freescale\CWS12v5.1\lib\HC12c\include" -Env"LIBPATH=C:\Program Files (x86)\Freescale\CWS12v5.1\lib\HC12c\include" -EnvOBJPATH=C:\Users\R2D2\Desktop\TETRIS\bin -EnvTEXTPATH=C:\Users\R2D2\Desktop\TETRIS\bin -Lasm=%n.lst -Lasmc= -Ms -Ot -ObjN=C:\Users\R2D2\Desktop\TETRIS\TETRIS_Data\RAM\ObjectCode\LEDdisplay.c.o

   62:       //IMPORTANT!!!! Always set display pointer and display length!!
   63:       WS2812B_Set_Data_pointer((unsigned char*)display_raw_data);
  0000 cc0000       [2]     LDD   #display_raw_data
  0003 160000       [4]     JSR   WS2812B_Set_Data_pointer
   64:       WS2812B_Set_Data_Length(DISPLAY_WIDTH*DISPLAY_HEIGHT*sizeof(color));
  0006 8603         [1]     LDAA  #3
  0008 c7           [1]     CLRB  
  0009 160000       [4]     JSR   WS2812B_Set_Data_Length
   65:       WS2812B_Send_data(); 
  000c 060000       [3]     JMP   WS2812B_Send_data
   66:  }
